android/app/build/intermediates/manifest_merge_blame_file/debug/manifest-merger-blame-debug-report.txt
1<?xml version="1.0" encoding="utf-8"?>
2<manifest xmlns:android="http://schemas.android.com/apk/res/android"
3    package="com.polyvault.app"
4    android:versionCode="1"
5    android:versionName="1.0.0" >
6
7    <uses-sdk
8        android:minSdkVersion="24"
9        android:targetSdkVersion="34" />
10
11    <!-- Разрешения для доступа к интернету (для MetaMask, CDN библиотек и IPFS) -->
12    <uses-permission android:name="android.permission.INTERNET" />
12-->src/main/AndroidManifest.xml:6:5-67
12-->src/main/AndroidManifest.xml:6:22-64
13    <uses-permission android:name="android.permission.ACCESS_NETWORK_STATE" />
13-->src/main/AndroidManifest.xml:7:5-79
13-->src/main/AndroidManifest.xml:7:22-76
14
15    <!-- Для работы с камерой (сканирование QR кодов 2FA) -->
16    <uses-permission android:name="android.permission.CAMERA" />
16-->src/main/AndroidManifest.xml:10:5-65
16-->src/main/AndroidManifest.xml:10:22-62
17
18    <uses-feature
18-->src/main/AndroidManifest.xml:11:5-85
19        android:name="android.hardware.camera"
19-->src/main/AndroidManifest.xml:11:19-57
20        android:required="false" />
20-->src/main/AndroidManifest.xml:11:58-82
21    <uses-feature
21-->src/main/AndroidManifest.xml:12:5-95
22        android:name="android.hardware.camera.autofocus"
22-->src/main/AndroidManifest.xml:12:19-67
23        android:required="false" />
23-->src/main/AndroidManifest.xml:12:68-92
24
25    <!-- Для аудио (WebRTC в сканере QR) -->
26    <uses-permission android:name="android.permission.RECORD_AUDIO" />
26-->src/main/AndroidManifest.xml:15:5-71
26-->src/main/AndroidManifest.xml:15:22-68
27
28    <!-- Для хранения данных -->
29    <uses-permission
29-->src/main/AndroidManifest.xml:18:5-19:38
30        android:name="android.permission.READ_EXTERNAL_STORAGE"
30-->src/main/AndroidManifest.xml:18:22-77
31        android:maxSdkVersion="32" />
31-->src/main/AndroidManifest.xml:19:9-35
32    <uses-permission
32-->src/main/AndroidManifest.xml:20:5-21:38
33        android:name="android.permission.WRITE_EXTERNAL_STORAGE"
33-->src/main/AndroidManifest.xml:20:22-78
34        android:maxSdkVersion="28" />
34-->src/main/AndroidManifest.xml:21:9-35
35
36    <!-- Для геолокации (опционально для Web3) -->
37    <uses-permission android:name="android.permission.ACCESS_FINE_LOCATION" />
37-->src/main/AndroidManifest.xml:24:5-79
37-->src/main/AndroidManifest.xml:24:22-76
38    <uses-permission android:name="android.permission.ACCESS_COARSE_LOCATION" />
38-->src/main/AndroidManifest.xml:25:5-81
38-->src/main/AndroidManifest.xml:25:22-78
39
40    <permission
40-->[androidx.core:core:1.9.0] AndroidManifest.xml:22:5-24:47
41        android:name="com.polyvault.app.DYNAMIC_RECEIVER_NOT_EXPORTED_PERMISSION"
41-->[androidx.core:core:1.9.0] AndroidManifest.xml:23:9-81
42        android:protectionLevel="signature" />
42-->[androidx.core:core:1.9.0] AndroidManifest.xml:24:9-44
43
44    <uses-permission android:name="com.polyvault.app.DYNAMIC_RECEIVER_NOT_EXPORTED_PERMISSION" />
44-->[androidx.core:core:1.9.0] AndroidManifest.xml:26:5-97
44-->[androidx.core:core:1.9.0] AndroidManifest.xml:26:22-94
45
46    <application
46-->src/main/AndroidManifest.xml:27:5-52:19
47        android:allowBackup="true"
47-->src/main/AndroidManifest.xml:28:9-35
48        android:appComponentFactory="androidx.core.app.CoreComponentFactory"
48-->[androidx.core:core:1.9.0] AndroidManifest.xml:28:18-86
49        android:debuggable="true"
50        android:extractNativeLibs="false"
51        android:icon="@mipmap/ic_launcher"
51-->src/main/AndroidManifest.xml:29:9-43
52        android:label="@string/app_name"
52-->src/main/AndroidManifest.xml:30:9-41
53        android:networkSecurityConfig="@xml/network_security_config"
53-->src/main/AndroidManifest.xml:35:9-69
54        android:roundIcon="@mipmap/ic_launcher_round"
54-->src/main/AndroidManifest.xml:31:9-54
55        android:supportsRtl="true"
55-->src/main/AndroidManifest.xml:32:9-35
56        android:theme="@style/Theme.PolyVault"
56-->src/main/AndroidManifest.xml:33:9-47
57        android:usesCleartextTraffic="true" >
57-->src/main/AndroidManifest.xml:34:9-44
58        <activity
58-->src/main/AndroidManifest.xml:38:9-50:20
59            android:name="com.polyvault.app.MainActivity"
59-->src/main/AndroidManifest.xml:39:13-41
60            android:configChanges="orientation|screenSize|keyboardHidden|keyboard"
60-->src/main/AndroidManifest.xml:41:13-83
61            android:exported="true"
61-->src/main/AndroidManifest.xml:40:13-36
62            android:hardwareAccelerated="true"
62-->src/main/AndroidManifest.xml:45:13-47
63            android:launchMode="singleTask"
63-->src/main/AndroidManifest.xml:42:13-44
64            android:screenOrientation="portrait"
64-->src/main/AndroidManifest.xml:43:13-49
65            android:windowSoftInputMode="adjustResize" >
65-->src/main/AndroidManifest.xml:44:13-55
66            <intent-filter>
66-->src/main/AndroidManifest.xml:46:13-49:29
67                <action android:name="android.intent.action.MAIN" />
67-->src/main/AndroidManifest.xml:47:17-69
67-->src/main/AndroidManifest.xml:47:25-66
68
69                <category android:name="android.intent.category.LAUNCHER" />
69-->src/main/AndroidManifest.xml:48:17-77
69-->src/main/AndroidManifest.xml:48:27-74
70            </intent-filter>
71        </activity>
72
73        <provider
73-->[androidx.emoji2:emoji2:1.2.0] AndroidManifest.xml:24:9-32:20
74            android:name="androidx.startup.InitializationProvider"
74-->[androidx.emoji2:emoji2:1.2.0] AndroidManifest.xml:25:13-67
75            android:authorities="com.polyvault.app.androidx-startup"
75-->[androidx.emoji2:emoji2:1.2.0] AndroidManifest.xml:26:13-68
76            android:exported="false" >
76-->[androidx.emoji2:emoji2:1.2.0] AndroidManifest.xml:27:13-37
77            <meta-data
77-->[androidx.emoji2:emoji2:1.2.0] AndroidManifest.xml:29:13-31:52
78                android:name="androidx.emoji2.text.EmojiCompatInitializer"
78-->[androidx.emoji2:emoji2:1.2.0] AndroidManifest.xml:30:17-75
79                android:value="androidx.startup" />
79-->[androidx.emoji2:emoji2:1.2.0] AndroidManifest.xml:31:17-49
80            <meta-data
80-->[androidx.lifecycle:lifecycle-process:2.6.1] AndroidManifest.xml:29:13-31:52
81                android:name="androidx.lifecycle.ProcessLifecycleInitializer"
81-->[androidx.lifecycle:lifecycle-process:2.6.1] AndroidManifest.xml:30:17-78
82                android:value="androidx.startup" />
82-->[androidx.lifecycle:lifecycle-process:2.6.1] AndroidManifest.xml:31:17-49
83            <meta-data
83-->[androidx.profileinstaller:profileinstaller:1.3.0] AndroidManifest.xml:29:13-31:52
84                android:name="androidx.profileinstaller.ProfileInstallerInitializer"
84-->[androidx.profileinstaller:profileinstaller:1.3.0] AndroidManifest.xml:30:17-85
85                android:value="androidx.startup" />
85-->[androidx.profileinstaller:profileinstaller:1.3.0] AndroidManifest.xml:31:17-49
86        </provider>
87
88        <receiver
88-->[androidx.profileinstaller:profileinstaller:1.3.0] AndroidManifest.xml:34:9-52:20
89            android:name="androidx.profileinstaller.ProfileInstallReceiver"
89-->[androidx.profileinstaller:profileinstaller:1.3.0] AndroidManifest.xml:35:13-76
90            android:directBootAware="false"
90-->[androidx.profileinstaller:profileinstaller:1.3.0] AndroidManifest.xml:36:13-44
91            android:enabled="true"
91-->[androidx.profileinstaller:profileinstaller:1.3.0] AndroidManifest.xml:37:13-35
92            android:exported="true"
92-->[androidx.profileinstaller:profileinstaller:1.3.0] AndroidManifest.xml:38:13-36
93            android:permission="android.permission.DUMP" >
93-->[androidx.profileinstaller:profileinstaller:1.3.0] AndroidManifest.xml:39:13-57
94            <intent-filter>
94-->[androidx.profileinstaller:profileinstaller:1.3.0] AndroidManifest.xml:40:13-42:29
95                <action android:name="androidx.profileinstaller.action.INSTALL_PROFILE" />
95-->[androidx.profileinstaller:profileinstaller:1.3.0] AndroidManifest.xml:41:17-91
95-->[androidx.profileinstaller:profileinstaller:1.3.0] AndroidManifest.xml:41:25-88
96            </intent-filter>
97            <intent-filter>
97-->[androidx.profileinstaller:profileinstaller:1.3.0] AndroidManifest.xml:43:13-45:29
98                <action android:name="androidx.profileinstaller.action.SKIP_FILE" />
98-->[androidx.profileinstaller:profileinstaller:1.3.0] AndroidManifest.xml:44:17-85
98-->[androidx.profileinstaller:profileinstaller:1.3.0] AndroidManifest.xml:44:25-82
99            </intent-filter>
100            <intent-filter>
100-->[androidx.profileinstaller:profileinstaller:1.3.0] AndroidManifest.xml:46:13-48:29
101                <action android:name="androidx.profileinstaller.action.SAVE_PROFILE" />
101-->[androidx.profileinstaller:profileinstaller:1.3.0] AndroidManifest.xml:47:17-88
101-->[androidx.profileinstaller:profileinstaller:1.3.0] AndroidManifest.xml:47:25-85
102            </intent-filter>
103            <intent-filter>
103-->[androidx.profileinstaller:profileinstaller:1.3.0] AndroidManifest.xml:49:13-51:29
104                <action android:name="androidx.profileinstaller.action.BENCHMARK_OPERATION" />
104-->[androidx.profileinstaller:profileinstaller:1.3.0] AndroidManifest.xml:50:17-95
104-->[androidx.profileinstaller:profileinstaller:1.3.0] AndroidManifest.xml:50:25-92
105            </intent-filter>
106        </receiver>
107    </application>
108
109</manifest>